<?xml version="1.0" encoding="UTF-8"?>
<!-- Generated by org.testng.reporters.JUnitXMLReporter -->
<testsuite ignored="0" hostname="Jagadeswari" failures="0" tests="3" name="MACTEST" time="89.763" errors="0" timestamp="07 Feb 2022 03:44:31 GMT">
  <testcase classname="MyRunner.TestRunner" name="feature" time="8.92"/>
  <testcase classname="MyRunner.TestRunner" name="feature" time="21.872"/>
  <testcase classname="MyRunner.TestRunner" name="feature" time="9.848"/>
</testsuite> <!-- MACTEST -->
