<?xml version="1.0" encoding="UTF-8"?>
<!-- Generated by org.testng.reporters.JUnitXMLReporter -->
<testsuite ignored="0" hostname="Jagadeswari" failures="0" tests="3" name="WIN10TEST" time="100.612" errors="0" timestamp="07 Feb 2022 03:44:42 GMT">
  <testcase classname="MyRunner.TestRunner" name="feature" time="10.079"/>
  <testcase classname="MyRunner.TestRunner" name="feature" time="18.894"/>
  <testcase classname="MyRunner.TestRunner" name="feature" time="10.155"/>
</testsuite> <!-- WIN10TEST -->
