<?xml version="1.0" encoding="UTF-8"?>
<!-- Generated by org.testng.reporters.JUnitXMLReporter -->
<testsuite ignored="0" hostname="Jagadeswari" failures="0" tests="3" name="WIN8TEST" time="108.45" errors="0" timestamp="07 Feb 2022 03:44:50 GMT">
  <testcase classname="MyRunner.TestRunner" name="feature" time="8.045"/>
  <testcase classname="MyRunner.TestRunner" name="feature" time="19.311"/>
  <testcase classname="MyRunner.TestRunner" name="feature" time="9.697"/>
</testsuite> <!-- WIN8TEST -->
